<?xml version="1.0" encoding="UTF-8"?>
<testsuite name="com.keehoo.channel.ChannelDemo" tests="1" skipped="0" failures="0" errors="0" timestamp="2019-03-29T08:12:19" hostname="WuZhihao" time="0.004">
  <properties/>
  <testcase name="testBufferToChannel" classname="com.keehoo.channel.ChannelDemo" time="0.004"/>
  <system-out><![CDATA[]]></system-out>
  <system-err><![CDATA[]]></system-err>
</testsuite>
