<?xml version="1.0" encoding="UTF-8"?>
<testsuite name="com.keehoo.channel.ChannelDemo" tests="1" skipped="0" failures="0" errors="0" timestamp="2019-03-29T10:01:34" hostname="WuZhihao" time="0.007">
  <properties/>
  <testcase name="testChannelToBuffer" classname="com.keehoo.channel.ChannelDemo" time="0.007"/>
  <system-out><![CDATA[read:26:????????????????????中文
]]></system-out>
  <system-err><![CDATA[]]></system-err>
</testsuite>
